2017-04-30 13:53:28,511 INFO  [JavaFX Application Thread     ] [BaseConfigurationManager      ]  - Creating UI property file
2017-04-30 13:53:28,957 ERROR [JavaFX Application Thread     ] [BaseConfigurationUtils        ]  - Invalid number format 
2017-04-30 13:53:29,407 ERROR [JavaFX Application Thread     ] [MqttStatsFileIO               ]  - Cannot read the statistics file from /Users/davidwalker/mqtt-spy/mqtt-spy-stats.xml
java.io.FileNotFoundException: Cannot load the file from /Users/davidwalker/mqtt-spy/mqtt-spy-stats.xml
	at pl.baczkowicz.spy.xml.XMLParser.loadFromFile(XMLParser.java:359)
	at pl.baczkowicz.mqttspy.ui.stats.MqttStatsFileIO.loadStats(MqttStatsFileIO.java:57)
	at pl.baczkowicz.spy.ui.stats.StatisticsManager.loadStats(StatisticsManager.java:298)
	at pl.baczkowicz.mqttspy.ui.controllers.MqttSpyMainController.init(MqttSpyMainController.java:154)
	at pl.baczkowicz.mqttspy.ui.MqttViewManager.createMainWindow(MqttViewManager.java:151)
	at pl.baczkowicz.mqttspy.Main.start(Main.java:90)
	at com.sun.javafx.application.LauncherImpl.lambda$launchApplication1$163(LauncherImpl.java:863)
	at com.sun.javafx.application.PlatformImpl.lambda$runAndWait$176(PlatformImpl.java:326)
	at com.sun.javafx.application.PlatformImpl.lambda$null$174(PlatformImpl.java:295)
	at java.security.AccessController.doPrivileged(Native Method)
	at com.sun.javafx.application.PlatformImpl.lambda$runLater$175(PlatformImpl.java:294)
	at com.sun.glass.ui.InvokeLaterDispatcher$Future.run(InvokeLaterDispatcher.java:95)
2017-04-30 13:53:30,257 INFO  [JavaFX Application Thread     ] [MqttViewManager               ]  - Default configuration file present (/Users/davidwalker/mqtt-spy/mqtt-spy-configuration.xml) = false
2017-04-30 13:53:51,069 INFO  [JavaFX Application Thread     ] [EditConnectionsController     ]  - Selecting first item...
2017-04-30 13:53:51,069 INFO  [JavaFX Application Thread     ] [EditConnectionsController     ]  - Selecting first item...
2017-04-30 13:53:51,074 INFO  [JavaFX Application Thread     ] [EditConnectionsController     ]  - Selecting first item...
2017-04-30 13:54:00,344 INFO  [JavaFX Application Thread     ] [EditMqttConnectionController  ]  - Opening connection davidwalker_135351071@127.0.0.1
2017-04-30 13:54:00,366 INFO  [JavaFX Application Thread     ] [MqttConfigurationUtils        ]  - Auto-complete for server URI (127.0.0.1 -> tcp://127.0.0.1)
2017-04-30 13:54:00,370 ERROR [Thread-12                     ] [BaseConfigurationUtils        ]  - Invalid number format 
2017-04-30 13:54:00,504 ERROR [JavaFX Application Thread     ] [FileUtils                     ]  - No files in /Users/davidwalker/mqtt-spy/
2017-04-30 13:54:01,045 INFO  [mqtt-spy [ConnectionRunnable for davidwalker_135351071@127.0.0.1]] [MqttAsyncConnectionRunnable   ]  - Connecting client ID [davidwalker_135351071] to server [[tcp://127.0.0.1]]; options = 
============== Connection options ==============
CleanSession                :  true
SocketFactory               :  null
MqttVersion                 :  0
KeepAliveInterval           :  60
ConTimeout                  :  30
UserName                    :  null
SSLProperties               :  null
WillDestination             :  null
==========================================

2017-04-30 13:54:01,056 INFO  [MQTT Call: davidwalker_135351071] [MqttConnectionResultHandler   ]  - davidwalker_135351071@127.0.0.1 connected
2017-04-30 13:54:01,056 INFO  [JavaFX Application Thread     ] [MqttEventHandler              ]  - About to resubscribe to all requested topics
2017-04-30 13:54:04,552 INFO  [JavaFX Application Thread     ] [MqttConnectionWithReconnection]  - Disconnecting davidwalker_135351071 from [tcp://127.0.0.1]
2017-04-30 13:54:04,555 INFO  [MQTT Disc: davidwalker_135351071] [MqttDisconnectionResultHandler]  - davidwalker_135351071@127.0.0.1 disconnected
2017-04-30 13:55:02,628 INFO  [mqtt-spy [ConnectionRunnable for davidwalker_135351071@127.0.0.1]] [MqttAsyncConnectionRunnable   ]  - Connecting client ID [davidwalker_135351071] to server [[tcp://127.0.0.1]]; options = 
============== Connection options ==============
CleanSession                :  true
SocketFactory               :  null
MqttVersion                 :  0
KeepAliveInterval           :  60
ConTimeout                  :  30
UserName                    :  null
SSLProperties               :  null
WillDestination             :  null
==========================================

2017-04-30 13:55:02,630 INFO  [MQTT Call: davidwalker_135351071] [MqttConnectionResultHandler   ]  - davidwalker_135351071@127.0.0.1 connected
2017-04-30 13:55:02,631 INFO  [JavaFX Application Thread     ] [MqttEventHandler              ]  - About to resubscribe to all requested topics
2017-04-30 13:55:09,392 INFO  [JavaFX Application Thread     ] [NewSubscriptionController     ]  - Subscribing to topic
2017-04-30 13:55:09,392 INFO  [JavaFX Application Thread     ] [MqttSubscriptionViewManager   ]  - Creating subscription for topic
2017-04-30 13:55:09,441 INFO  [JavaFX Application Thread     ] [BaseMqttConnection            ]  - Subscribed to topic
2017-04-30 13:55:12,611 ERROR [JavaFX Application Thread     ] [BaseConfigurationUtils        ]  - Invalid number format 
2017-04-30 14:24:30,628 INFO  [JavaFX Application Thread     ] [MqttAsyncConnection           ]  - Publishing message on topic "topic". Payload size = "5"
2017-04-30 14:40:44,471 INFO  [JavaFX Application Thread     ] [MqttAsyncConnection           ]  - Publishing message on topic "topic". Payload size = "5"
2017-04-30 18:08:47,351 INFO  [JavaFX Application Thread     ] [MqttAsyncConnection           ]  - Publishing message on topic "topic". Payload size = "5"
2017-04-30 20:54:32,994 INFO  [JavaFX Application Thread     ] [BaseMqttConnection            ]  - Successfully unsubscribed from topic
2017-04-30 20:54:32,994 INFO  [JavaFX Application Thread     ] [MqttConnectionWithReconnection]  - Disconnecting davidwalker_135351071 from [tcp://127.0.0.1]
2017-04-30 20:54:32,996 INFO  [MQTT Disc: davidwalker_135351071] [MqttDisconnectionResultHandler]  - davidwalker_135351071@127.0.0.1 disconnected
2017-05-17 23:26:36,201 INFO  [JavaFX Application Thread     ] [MqttViewManager               ]  - Default configuration file present (/Users/davidwalker/mqtt-spy/mqtt-spy-configuration.xml) = false
2017-05-17 23:26:42,335 INFO  [JavaFX Application Thread     ] [EditConnectionsController     ]  - Selecting first item...
2017-05-17 23:26:42,335 INFO  [JavaFX Application Thread     ] [EditConnectionsController     ]  - Selecting first item...
2017-05-17 23:26:42,340 INFO  [JavaFX Application Thread     ] [EditConnectionsController     ]  - Selecting first item...
2017-05-17 23:26:58,876 INFO  [JavaFX Application Thread     ] [EditMqttConnectionController  ]  - Opening connection davidwalker_232642337@127.0.0.1
2017-05-17 23:26:58,918 INFO  [JavaFX Application Thread     ] [MqttConfigurationUtils        ]  - Auto-complete for server URI (127.0.0.1 -> tcp://127.0.0.1)
2017-05-17 23:26:59,046 ERROR [JavaFX Application Thread     ] [FileUtils                     ]  - No files in /Users/davidwalker/mqtt-spy/
2017-05-17 23:26:59,589 INFO  [mqtt-spy [ConnectionRunnable for davidwalker_232642337@127.0.0.1]] [MqttAsyncConnectionRunnable   ]  - Connecting client ID [davidwalker_232642337] to server [[tcp://127.0.0.1]]; options = 
============== Connection options ==============
CleanSession                :  true
SocketFactory               :  null
MqttVersion                 :  0
KeepAliveInterval           :  60
ConTimeout                  :  30
UserName                    :  null
SSLProperties               :  null
WillDestination             :  null
==========================================

2017-05-17 23:26:59,601 INFO  [MQTT Call: davidwalker_232642337] [MqttConnectionResultHandler   ]  - davidwalker_232642337@127.0.0.1 connected
2017-05-17 23:26:59,602 INFO  [JavaFX Application Thread     ] [MqttEventHandler              ]  - About to resubscribe to all requested topics
2017-05-17 23:27:33,003 INFO  [JavaFX Application Thread     ] [MqttAsyncConnection           ]  - Publishing message on topic "topic". Payload size = "0"
2017-05-17 23:27:39,741 INFO  [JavaFX Application Thread     ] [NewSubscriptionController     ]  - Subscribing to topic
2017-05-17 23:27:39,741 INFO  [JavaFX Application Thread     ] [MqttSubscriptionViewManager   ]  - Creating subscription for topic
2017-05-17 23:27:39,808 INFO  [JavaFX Application Thread     ] [BaseMqttConnection            ]  - Subscribed to topic
2017-05-17 23:28:26,095 INFO  [JavaFX Application Thread     ] [BaseMqttConnection            ]  - Successfully unsubscribed from topic
2017-05-17 23:28:26,096 INFO  [JavaFX Application Thread     ] [MqttConnectionWithReconnection]  - Disconnecting davidwalker_232642337 from [tcp://127.0.0.1]
2017-05-17 23:28:26,099 INFO  [MQTT Disc: davidwalker_232642337] [MqttDisconnectionResultHandler]  - davidwalker_232642337@127.0.0.1 disconnected
2017-07-22 23:47:41,236 INFO  [JavaFX Application Thread     ] [MqttViewManager               ]  - Default configuration file present (/Users/davidwalker/mqtt-spy/mqtt-spy-configuration.xml) = false
2017-07-22 23:47:50,254 ERROR [JavaFX Application Thread     ] [SpyUncaughtExceptionHandler   ]  - Thread Thread[JavaFX Application Thread,5,main] failed with java.lang.ClassCastException: javafx.scene.control.ButtonType cannot be cast to pl.baczkowicz.spy.ui.controls.DialogAction
java.lang.ClassCastException: javafx.scene.control.ButtonType cannot be cast to pl.baczkowicz.spy.ui.controls.DialogAction
	at pl.baczkowicz.spy.ui.utils.DialogFactory.showDefaultConfigurationFileMissingChoice(DialogFactory.java:434)
	at pl.baczkowicz.mqttspy.ui.controlpanel.MqttConfigControlPanelItem$1.handle(MqttConfigControlPanelItem.java:47)
	at pl.baczkowicz.mqttspy.ui.controlpanel.MqttConfigControlPanelItem$1.handle(MqttConfigControlPanelItem.java:1)
	at com.sun.javafx.event.CompositeEventHandler.dispatchBubblingEvent(CompositeEventHandler.java:86)
	at com.sun.javafx.event.EventHandlerManager.dispatchBubblingEvent(EventHandlerManager.java:238)
	at com.sun.javafx.event.EventHandlerManager.dispatchBubblingEvent(EventHandlerManager.java:191)
	at com.sun.javafx.event.CompositeEventDispatcher.dispatchBubblingEvent(CompositeEventDispatcher.java:59)
	at com.sun.javafx.event.BasicEventDispatcher.dispatchEvent(BasicEventDispatcher.java:58)
	at com.sun.javafx.event.EventDispatchChainImpl.dispatchEvent(EventDispatchChainImpl.java:114)
	at com.sun.javafx.event.BasicEventDispatcher.dispatchEvent(BasicEventDispatcher.java:56)
	at com.sun.javafx.event.EventDispatchChainImpl.dispatchEvent(EventDispatchChainImpl.java:114)
	at com.sun.javafx.event.BasicEventDispatcher.dispatchEvent(BasicEventDispatcher.java:56)
	at com.sun.javafx.event.EventDispatchChainImpl.dispatchEvent(EventDispatchChainImpl.java:114)
	at com.sun.javafx.event.BasicEventDispatcher.dispatchEvent(BasicEventDispatcher.java:56)
	at com.sun.javafx.event.EventDispatchChainImpl.dispatchEvent(EventDispatchChainImpl.java:114)
	at com.sun.javafx.event.EventUtil.fireEventImpl(EventUtil.java:74)
	at com.sun.javafx.event.EventUtil.fireEvent(EventUtil.java:49)
	at javafx.event.Event.fireEvent(Event.java:198)
	at javafx.scene.Node.fireEvent(Node.java:8411)
	at javafx.scene.control.Button.fire(Button.java:185)
	at com.sun.javafx.scene.control.behavior.ButtonBehavior.mouseReleased(ButtonBehavior.java:182)
	at com.sun.javafx.scene.control.skin.BehaviorSkinBase$1.handle(BehaviorSkinBase.java:96)
	at com.sun.javafx.scene.control.skin.BehaviorSkinBase$1.handle(BehaviorSkinBase.java:89)
	at com.sun.javafx.event.CompositeEventHandler$NormalEventHandlerRecord.handleBubblingEvent(CompositeEventHandler.java:218)
	at com.sun.javafx.event.CompositeEventHandler.dispatchBubblingEvent(CompositeEventHandler.java:80)
	at com.sun.javafx.event.EventHandlerManager.dispatchBubblingEvent(EventHandlerManager.java:238)
	at com.sun.javafx.event.EventHandlerManager.dispatchBubblingEvent(EventHandlerManager.java:191)
	at com.sun.javafx.event.CompositeEventDispatcher.dispatchBubblingEvent(CompositeEventDispatcher.java:59)
	at com.sun.javafx.event.BasicEventDispatcher.dispatchEvent(BasicEventDispatcher.java:58)
	at com.sun.javafx.event.EventDispatchChainImpl.dispatchEvent(EventDispatchChainImpl.java:114)
	at com.sun.javafx.event.BasicEventDispatcher.dispatchEvent(BasicEventDispatcher.java:56)
	at com.sun.javafx.event.EventDispatchChainImpl.dispatchEvent(EventDispatchChainImpl.java:114)
	at com.sun.javafx.event.BasicEventDispatcher.dispatchEvent(BasicEventDispatcher.java:56)
	at com.sun.javafx.event.EventDispatchChainImpl.dispatchEvent(EventDispatchChainImpl.java:114)
	at com.sun.javafx.event.BasicEventDispatcher.dispatchEvent(BasicEventDispatcher.java:56)
	at com.sun.javafx.event.EventDispatchChainImpl.dispatchEvent(EventDispatchChainImpl.java:114)
	at com.sun.javafx.event.EventUtil.fireEventImpl(EventUtil.java:74)
	at com.sun.javafx.event.EventUtil.fireEvent(EventUtil.java:54)
	at javafx.event.Event.fireEvent(Event.java:198)
	at javafx.scene.Scene$MouseHandler.process(Scene.java:3757)
	at javafx.scene.Scene$MouseHandler.access$1500(Scene.java:3485)
	at javafx.scene.Scene.impl_processMouseEvent(Scene.java:1762)
	at javafx.scene.Scene$ScenePeerListener.mouseEvent(Scene.java:2494)
	at com.sun.javafx.tk.quantum.GlassViewEventHandler$MouseEventNotification.run(GlassViewEventHandler.java:352)
	at com.sun.javafx.tk.quantum.GlassViewEventHandler$MouseEventNotification.run(GlassViewEventHandler.java:275)
	at java.security.AccessController.doPrivileged(Native Method)
	at com.sun.javafx.tk.quantum.GlassViewEventHandler.lambda$handleMouseEvent$355(GlassViewEventHandler.java:388)
	at com.sun.javafx.tk.quantum.QuantumToolkit.runWithoutRenderLock(QuantumToolkit.java:389)
	at com.sun.javafx.tk.quantum.GlassViewEventHandler.handleMouseEvent(GlassViewEventHandler.java:387)
	at com.sun.glass.ui.View.handleMouseEvent(View.java:555)
	at com.sun.glass.ui.View.notifyMouse(View.java:937)
2017-07-22 23:47:53,080 INFO  [JavaFX Application Thread     ] [EditConnectionsController     ]  - Selecting first item...
2017-07-22 23:47:53,080 INFO  [JavaFX Application Thread     ] [EditConnectionsController     ]  - Selecting first item...
2017-07-22 23:47:53,084 INFO  [JavaFX Application Thread     ] [EditConnectionsController     ]  - Selecting first item...
2017-07-22 23:48:03,311 INFO  [JavaFX Application Thread     ] [EditMqttConnectionController  ]  - Opening connection davidwalker_234753081@127.0.0.1
2017-07-22 23:48:03,349 INFO  [JavaFX Application Thread     ] [MqttConfigurationUtils        ]  - Auto-complete for server URI (127.0.0.1 -> tcp://127.0.0.1)
2017-07-22 23:48:03,484 ERROR [JavaFX Application Thread     ] [FileUtils                     ]  - No files in /Users/davidwalker/mqtt-spy/
2017-07-22 23:48:04,026 INFO  [mqtt-spy [ConnectionRunnable for davidwalker_234753081@127.0.0.1]] [MqttAsyncConnectionRunnable   ]  - Connecting client ID [davidwalker_234753081] to server [[tcp://127.0.0.1]]; options = 
============== Connection options ==============
CleanSession                :  true
SocketFactory               :  null
MqttVersion                 :  0
KeepAliveInterval           :  60
ConTimeout                  :  30
UserName                    :  null
SSLProperties               :  null
WillDestination             :  null
==========================================

2017-07-22 23:48:04,036 INFO  [MQTT Call: davidwalker_234753081] [MqttConnectionResultHandler   ]  - davidwalker_234753081@127.0.0.1 connected
2017-07-22 23:48:04,036 INFO  [JavaFX Application Thread     ] [MqttEventHandler              ]  - About to resubscribe to all requested topics
2017-07-22 23:48:14,266 INFO  [JavaFX Application Thread     ] [NewSubscriptionController     ]  - Subscribing to #
2017-07-22 23:48:14,266 INFO  [JavaFX Application Thread     ] [MqttSubscriptionViewManager   ]  - Creating subscription for #
2017-07-22 23:48:14,325 INFO  [JavaFX Application Thread     ] [BaseMqttConnection            ]  - Subscribed to #
2017-07-23 09:00:11,195 INFO  [JavaFX Application Thread     ] [MqttViewManager               ]  - Default configuration file present (/Users/davidwalker/mqtt-spy/mqtt-spy-configuration.xml) = false
2017-07-23 09:00:15,455 INFO  [JavaFX Application Thread     ] [EditConnectionsController     ]  - Selecting first item...
2017-07-23 09:00:15,455 INFO  [JavaFX Application Thread     ] [EditConnectionsController     ]  - Selecting first item...
2017-07-23 09:00:15,459 INFO  [JavaFX Application Thread     ] [EditConnectionsController     ]  - Selecting first item...
2017-07-23 09:00:23,442 INFO  [JavaFX Application Thread     ] [EditMqttConnectionController  ]  - Opening connection davidwalker_090015457@127.0.0.1
2017-07-23 09:00:23,475 INFO  [JavaFX Application Thread     ] [MqttConfigurationUtils        ]  - Auto-complete for server URI (127.0.0.1 -> tcp://127.0.0.1)
2017-07-23 09:00:23,606 ERROR [JavaFX Application Thread     ] [FileUtils                     ]  - No files in /Users/davidwalker/mqtt-spy/
2017-07-23 09:00:24,151 INFO  [mqtt-spy [ConnectionRunnable for davidwalker_090015457@127.0.0.1]] [MqttAsyncConnectionRunnable   ]  - Connecting client ID [davidwalker_090015457] to server [[tcp://127.0.0.1]]; options = 
============== Connection options ==============
CleanSession                :  true
SocketFactory               :  null
MqttVersion                 :  0
KeepAliveInterval           :  60
ConTimeout                  :  30
UserName                    :  null
SSLProperties               :  null
WillDestination             :  null
==========================================

2017-07-23 09:00:24,162 INFO  [MQTT Call: davidwalker_090015457] [MqttConnectionResultHandler   ]  - davidwalker_090015457@127.0.0.1 connected
2017-07-23 09:00:24,163 INFO  [JavaFX Application Thread     ] [MqttEventHandler              ]  - About to resubscribe to all requested topics
2017-07-23 09:00:34,741 INFO  [JavaFX Application Thread     ] [NewSubscriptionController     ]  - Subscribing to #
2017-07-23 09:00:34,742 INFO  [JavaFX Application Thread     ] [MqttSubscriptionViewManager   ]  - Creating subscription for #
2017-07-23 09:00:34,803 INFO  [JavaFX Application Thread     ] [BaseMqttConnection            ]  - Subscribed to #
2017-07-23 12:22:50,439 ERROR [MQTT Rec: davidwalker_090015457] [MqttCallbackHandler           ]  - Connection davidwalker_090015457@127.0.0.1 lost
Connection lost (32109) - java.io.EOFException
	at org.eclipse.paho.client.mqttv3.internal.CommsReceiver.run(CommsReceiver.java:146)
	at java.lang.Thread.run(Thread.java:745)
Caused by: java.io.EOFException
	at java.io.DataInputStream.readByte(DataInputStream.java:267)
	at org.eclipse.paho.client.mqttv3.internal.wire.MqttInputStream.readMqttWireMessage(MqttInputStream.java:65)
	at org.eclipse.paho.client.mqttv3.internal.CommsReceiver.run(CommsReceiver.java:107)
	... 1 more
2017-07-23 12:22:50,446 WARN  [JavaFX Application Thread     ] [BaseMqttConnection            ]  - Client not connected
2017-07-23 12:22:50,446 INFO  [JavaFX Application Thread     ] [BaseMqttConnection            ]  - Successfully unsubscribed from #
2017-07-23 15:29:03,620 INFO  [JavaFX Application Thread     ] [MqttViewManager               ]  - Default configuration file present (/Users/davidwalker/mqtt-spy/mqtt-spy-configuration.xml) = false
2017-07-23 15:29:05,668 INFO  [JavaFX Application Thread     ] [EditConnectionsController     ]  - Selecting first item...
2017-07-23 15:29:05,668 INFO  [JavaFX Application Thread     ] [EditConnectionsController     ]  - Selecting first item...
2017-07-23 15:29:05,672 INFO  [JavaFX Application Thread     ] [EditConnectionsController     ]  - Selecting first item...
2017-07-23 15:29:09,800 INFO  [JavaFX Application Thread     ] [EditMqttConnectionController  ]  - Opening connection davidwalker_152905669@127.0.0.1
2017-07-23 15:29:09,832 INFO  [JavaFX Application Thread     ] [MqttConfigurationUtils        ]  - Auto-complete for server URI (127.0.0.1 -> tcp://127.0.0.1)
2017-07-23 15:29:09,955 ERROR [JavaFX Application Thread     ] [FileUtils                     ]  - No files in /Users/davidwalker/mqtt-spy/
2017-07-23 15:29:10,493 INFO  [mqtt-spy [ConnectionRunnable for davidwalker_152905669@127.0.0.1]] [MqttAsyncConnectionRunnable   ]  - Connecting client ID [davidwalker_152905669] to server [[tcp://127.0.0.1]]; options = 
============== Connection options ==============
CleanSession                :  true
SocketFactory               :  null
MqttVersion                 :  0
KeepAliveInterval           :  60
ConTimeout                  :  30
UserName                    :  null
SSLProperties               :  null
WillDestination             :  null
==========================================

2017-07-23 15:29:10,503 INFO  [MQTT Call: davidwalker_152905669] [MqttConnectionResultHandler   ]  - davidwalker_152905669@127.0.0.1 connected
2017-07-23 15:29:10,504 INFO  [JavaFX Application Thread     ] [MqttEventHandler              ]  - About to resubscribe to all requested topics
2017-07-23 15:29:15,504 INFO  [JavaFX Application Thread     ] [NewSubscriptionController     ]  - Subscribing to #
2017-07-23 15:29:15,504 INFO  [JavaFX Application Thread     ] [MqttSubscriptionViewManager   ]  - Creating subscription for #
2017-07-23 15:29:15,558 INFO  [JavaFX Application Thread     ] [BaseMqttConnection            ]  - Subscribed to #
2017-07-23 15:32:46,164 ERROR [MQTT Rec: davidwalker_152905669] [MqttCallbackHandler           ]  - Connection davidwalker_152905669@127.0.0.1 lost
Connection lost (32109) - java.io.EOFException
	at org.eclipse.paho.client.mqttv3.internal.CommsReceiver.run(CommsReceiver.java:146)
	at java.lang.Thread.run(Thread.java:745)
Caused by: java.io.EOFException
	at java.io.DataInputStream.readByte(DataInputStream.java:267)
	at org.eclipse.paho.client.mqttv3.internal.wire.MqttInputStream.readMqttWireMessage(MqttInputStream.java:65)
	at org.eclipse.paho.client.mqttv3.internal.CommsReceiver.run(CommsReceiver.java:107)
	... 1 more
2017-07-23 15:32:46,170 WARN  [JavaFX Application Thread     ] [BaseMqttConnection            ]  - Client not connected
2017-07-23 15:32:46,170 INFO  [JavaFX Application Thread     ] [BaseMqttConnection            ]  - Successfully unsubscribed from #
